[35m[1mScanning dependencies of target docking_node[0m
[ 50%] [32mBuilding CXX object CMakeFiles/docking_node.dir/src/docking_node.cpp.o[0m
[01m[K/home/edurob/ams-bw-ws2425/catkin_ws/src/docking_node/src/docking_node.cpp:[m[K In function â€˜[01m[Kint main(int, char**)[m[Kâ€™:
[01m[K/home/edurob/ams-bw-ws2425/catkin_ws/src/docking_node/src/docking_node.cpp:198:21:[m[K [01;31m[Kerror: [m[Kwrong type argument to unary plus
  198 |     ac.sendGoal(goal[01;31m[K)[m[K;
      |                     [01;31m[K^[m[K
make[2]: *** [CMakeFiles/docking_node.dir/build.make:63: CMakeFiles/docking_node.dir/src/docking_node.cpp.o] Error 1
make[1]: *** [CMakeFiles/Makefile2:176: CMakeFiles/docking_node.dir/all] Error 2
make: *** [Makefile:141: all] Error 2
