[01m[K/home/edurob/ams-bw-ws2425/catkin_ws/src/docking_node/src/docking_node.cpp:35:39:[m[K [01;31m[Kerror: [m[Kâ€˜[01m[Kmove_base_msgs[m[Kâ€™ was not declared in this scope
   35 | typedef actionlib::SimpleActionClient<[01;31m[Kmove_base_msgs[m[K::MoveBaseAction> MoveBaseClient;
      |                                       [01;31m[K^~~~~~~~~~~~~~[m[K
[01m[K/home/edurob/ams-bw-ws2425/catkin_ws/src/docking_node/src/docking_node.cpp:35:69:[m[K [01;31m[Kerror: [m[Ktemplate argument 1 is invalid
   35 | typedef actionlib::SimpleActionClient<move_base_msgs::MoveBaseAction[01;31m[K>[m[K MoveBaseClient;
      |                                                                     [01;31m[K^[m[K
[01m[K/home/edurob/ams-bw-ws2425/catkin_ws/src/docking_node/src/docking_node.cpp:[m[K In function â€˜[01m[Kint main(int, char**)[m[Kâ€™:
[01m[K/home/edurob/ams-bw-ws2425/catkin_ws/src/docking_node/src/docking_node.cpp:184:40:[m[K [01;31m[Kerror: [m[Kexpression list treated as compound expression in initializer [[01;31m[K-fpermissive[m[K]
  184 |     MoveBaseClient ac("move_base", true[01;31m[K)[m[K;
      |                                        [01;31m[K^[m[K
[01m[K/home/edurob/ams-bw-ws2425/catkin_ws/src/docking_node/src/docking_node.cpp:186:15:[m[K [01;31m[Kerror: [m[Krequest for member â€˜[01m[KwaitForServer[m[Kâ€™ in â€˜[01m[Kac[m[Kâ€™, which is of non-class type â€˜[01m[KMoveBaseClient[m[Kâ€™ {aka â€˜[01m[Kint[m[Kâ€™}
  186 |     while(!ac.[01;31m[KwaitForServer[m[K(ros::Duration(5.0))){
      |               [01;31m[K^~~~~~~~~~~~~[m[K
[01m[K/home/edurob/ams-bw-ws2425/catkin_ws/src/docking_node/src/docking_node.cpp:189:5:[m[K [01;31m[Kerror: [m[Kâ€˜[01m[Kmove_base_msgs[m[Kâ€™ has not been declared
  189 |     [01;31m[Kmove_base_msgs[m[K::MoveBaseGoal goal;
      |     [01;31m[K^~~~~~~~~~~~~~[m[K
[01m[K/home/edurob/ams-bw-ws2425/catkin_ws/src/docking_node/src/docking_node.cpp:191:5:[m[K [01;31m[Kerror: [m[Kâ€˜[01m[Kgoal[m[Kâ€™ was not declared in this scope
  191 |     [01;31m[Kgoal[m[K.target_pose.header.frame_id = "map";
      |     [01;31m[K^~~~[m[K
[01m[K/home/edurob/ams-bw-ws2425/catkin_ws/src/docking_node/src/docking_node.cpp:197:8:[m[K [01;31m[Kerror: [m[Krequest for member â€˜[01m[KsendGoal[m[Kâ€™ in â€˜[01m[Kac[m[Kâ€™, which is of non-class type â€˜[01m[KMoveBaseClient[m[Kâ€™ {aka â€˜[01m[Kint[m[Kâ€™}
  197 |     ac.[01;31m[KsendGoal[m[K(goal);
      |        [01;31m[K^~~~~~~~[m[K
[01m[K/home/edurob/ams-bw-ws2425/catkin_ws/src/docking_node/src/docking_node.cpp:198:8:[m[K [01;31m[Kerror: [m[Krequest for member â€˜[01m[KwaitForResult[m[Kâ€™ in â€˜[01m[Kac[m[Kâ€™, which is of non-class type â€˜[01m[KMoveBaseClient[m[Kâ€™ {aka â€˜[01m[Kint[m[Kâ€™}
  198 |     ac.[01;31m[KwaitForResult[m[K();
      |        [01;31m[K^~~~~~~~~~~~~[m[K
[01m[K/home/edurob/ams-bw-ws2425/catkin_ws/src/docking_node/src/docking_node.cpp:199:11:[m[K [01;31m[Kerror: [m[Krequest for member â€˜[01m[KgetState[m[Kâ€™ in â€˜[01m[Kac[m[Kâ€™, which is of non-class type â€˜[01m[KMoveBaseClient[m[Kâ€™ {aka â€˜[01m[Kint[m[Kâ€™}
  199 |     if(ac.[01;31m[KgetState[m[K() == actionlib::SimpleClientGoalState::SUCCEEDED)
      |           [01;31m[K^~~~~~~~[m[K
make[2]: *** [CMakeFiles/docking_node.dir/build.make:63: CMakeFiles/docking_node.dir/src/docking_node.cpp.o] Error 1
make[1]: *** [CMakeFiles/Makefile2:176: CMakeFiles/docking_node.dir/all] Error 2
make: *** [Makefile:141: all] Error 2
